📦 Found deploy.zip. Size: 0.16 MB

📤 Step 1: Uploading deploy.zip via WebDAV (cPanel Web Disk)...
Attempting binary PUT to WebDAV zip endpoint: https://hz4.vps.webdevworld.com:2078/public_html/deploy.zip
HTTP Status: 201 Created
✅ Archive uploaded successfully via WebDAV!

📤 Step 2: Uploading extract_zip.php via WebDAV...
Attempting PHP PUT to WebDAV php endpoint: https://hz4.vps.webdevworld.com:2078/public_html/extract_zip.php
HTTP Status: 201 Created
✅ Extraction script uploaded successfully via WebDAV!

🚀 Step 3: Triggering ZipArchive extraction via live site URL...
Sending GET request to trigger URL: https://securestack.co.zw/extract_zip.php
HTTP Status: 415 Unsupported Media Type

--- Server Output ---
<html>
<head><title>415 Unsupported Media Type</title></head>
<body>
<center><h1>415 Unsupported Media Type</h1></center>
<hr><center>openresty/1.29.2.3</center>
</body>
</html>

---------------------
ERROR: 
❌ Extraction failed on the server. Read the Server Output above for details.